info it worked if it ends with ok
verbose cli [ 'node', '/usr/bin/npm', 'install', '-g', 'bower' ]
info using npm@1.1.4
info using node@v0.6.12
verbose config file /home/vagrant/.npmrc
verbose config file /usr/etc/npmrc
verbose config file /usr/share/npm/npmrc
verbose cache add [ 'bower', null ]
silly cache add: name, spec, args [ undefined, 'bower', [ 'bower', null ] ]
verbose parsed url { pathname: 'bower', path: 'bower', href: 'bower' }
verbose addNamed [ 'bower', '' ]
verbose addNamed [ null, '' ]
silly name, range, hasData [ 'bower', '', false ]
verbose raw, before any munging bower
verbose url resolving [ 'http://registry.npmjs.org/', './bower' ]
verbose url resolved http://registry.npmjs.org/bower
http GET http://registry.npmjs.org/bower
http 200 http://registry.npmjs.org/bower
silly get cb [ 200,
silly get cb   { server: 'CouchDB/1.5.0 (Erlang OTP/R14B04)',
silly get cb     etag: '"C34P3ZUG17598RADL9YADJAPL"',
silly get cb     'content-type': 'application/json',
silly get cb     via: '1.1 varnish',
silly get cb     'cache-control': 'max-age=1',
silly get cb     'content-length': '92701',
silly get cb     'accept-ranges': 'bytes',
silly get cb     date: 'Wed, 23 Apr 2014 23:58:37 GMT',
silly get cb     age: '179',
silly get cb     connection: 'keep-alive',
silly get cb     'x-served-by': 'cache-v44-ASH, cache-lax1423-LAX',
silly get cb     'x-cache': 'HIT, HIT',
silly get cb     'x-cache-hits': '2, 1',
silly get cb     'x-timer': 'S1397679090.327785969,VS0,VS33,VE76,VE618427406',
silly get cb     vary: 'Accept' } ]
verbose mkdir (expected) error ENOENT, no such file or directory '/home/vagrant/.npm'
verbose mkdir (expected) error ENOENT, no such file or directory '/home/vagrant/.npm/bower'
verbose mkdir done: /home/vagrant/.npm/bower 755
silly name, range, hasData 2 [ 'bower', '', true ]
silly versions [ 'bower', [] ]
ERR! Error: No compatible version found: bower
ERR! No valid targets found.
ERR! Perhaps not compatible with your version of node?
ERR!     at installTargetsError (/usr/share/npm/lib/cache.js:488:10)
ERR!     at next_ (/usr/share/npm/lib/cache.js:438:17)
ERR!     at next (/usr/share/npm/lib/cache.js:415:44)
ERR!     at /usr/share/npm/lib/cache.js:408:5
ERR!     at saved (/usr/share/npm/lib/utils/npm-registry-client/get.js:147:7)
ERR!     at Object.oncomplete (/usr/lib/nodejs/graceful-fs.js:230:7)
ERR! You may report this log at:
ERR!     <http://bugs.debian.org/npm>
ERR! or use
ERR!     reportbug --attach /home/vagrant/npm-debug.log npm
ERR! 
ERR! System Linux 3.2.0-23-generic
ERR! command "node" "/usr/bin/npm" "install" "-g" "bower"
ERR! cwd /home/vagrant
ERR! node -v v0.6.12
ERR! npm -v 1.1.4
ERR! message No compatible version found: bower
ERR! message No valid targets found.
ERR! message Perhaps not compatible with your version of node?
verbose exit [ 1, true ]
